<?xml version="1.0" encoding="UTF-8"?>
<testng-results ignored="0" total="4" passed="4" failed="0" skipped="0">
  <reporter-output>
  </reporter-output>
  <suite started-at="2023-10-10T16:54:34 IST" name="Nopcommerce Regression Suite" finished-at="2023-10-10T16:55:35 IST" duration-ms="60496">
    <groups>
    </groups>
    <test started-at="2023-10-10T16:54:34 IST" name="Nopcommerce Login Regression Suite" finished-at="2023-10-10T16:55:00 IST" duration-ms="25372">
      <class name="com.hrms.test.LoginRegressionSuite">
        <test-method is-config="true" signature="appLaunch()[pri:0, instance:com.hrms.test.LoginRegressionSuite@489115ef]" started-at="2023-10-10T16:54:34 IST" name="appLaunch" finished-at="2023-10-10T16:54:40 IST" duration-ms="5763" status="PASS">
          <reporter-output>
          </reporter-output>
        </test-method> <!-- appLaunch -->
        <test-method signature="verifyValidLogin()[pri:0, instance:com.hrms.test.LoginRegressionSuite@489115ef]" started-at="2023-10-10T16:54:40 IST" name="verifyValidLogin" description="TC_001: Verifying valid login functionality" finished-at="2023-10-10T16:54:48 IST" duration-ms="8237" status="PASS">
          <reporter-output>
          </reporter-output>
        </test-method> <!-- verifyValidLogin -->
        <test-method is-config="true" signature="closeBrowser()[pri:0, instance:com.hrms.test.LoginRegressionSuite@489115ef]" started-at="2023-10-10T16:54:48 IST" name="closeBrowser" finished-at="2023-10-10T16:54:49 IST" duration-ms="284" status="PASS">
          <reporter-output>
          </reporter-output>
        </test-method> <!-- closeBrowser -->
        <test-method is-config="true" signature="appLaunch()[pri:0, instance:com.hrms.test.LoginRegressionSuite@489115ef]" started-at="2023-10-10T16:54:49 IST" name="appLaunch" finished-at="2023-10-10T16:54:54 IST" duration-ms="4863" status="PASS">
          <reporter-output>
          </reporter-output>
        </test-method> <!-- appLaunch -->
        <test-method signature="verifyInvalidLogin()[pri:1, instance:com.hrms.test.LoginRegressionSuite@489115ef]" started-at="2023-10-10T16:54:54 IST" name="verifyInvalidLogin" description="TC_002: Verifying invalid login functionality" finished-at="2023-10-10T16:54:59 IST" duration-ms="5872" status="PASS">
          <reporter-output>
          </reporter-output>
        </test-method> <!-- verifyInvalidLogin -->
        <test-method is-config="true" signature="closeBrowser()[pri:0, instance:com.hrms.test.LoginRegressionSuite@489115ef]" started-at="2023-10-10T16:54:59 IST" name="closeBrowser" finished-at="2023-10-10T16:55:00 IST" duration-ms="300" status="PASS">
          <reporter-output>
          </reporter-output>
        </test-method> <!-- closeBrowser -->
      </class> <!-- com.hrms.test.LoginRegressionSuite -->
    </test> <!-- Nopcommerce Login Regression Suite -->
    <test started-at="2023-10-10T16:55:00 IST" name="Nopcommerce DashBoard Regression Suite" finished-at="2023-10-10T16:55:35 IST" duration-ms="35073">
      <class name="com.hrms.test.DashboardRegressionSuite">
        <test-method is-config="true" signature="appLaunch()[pri:0, instance:com.hrms.test.DashboardRegressionSuite@6db9f5a4]" started-at="2023-10-10T16:55:00 IST" name="appLaunch" finished-at="2023-10-10T16:55:05 IST" duration-ms="4981" status="PASS">
          <reporter-output>
          </reporter-output>
        </test-method> <!-- appLaunch -->
        <test-method signature="verifycustomerOptionExist()[pri:0, instance:com.hrms.test.DashboardRegressionSuite@6db9f5a4]" started-at="2023-10-10T16:55:05 IST" name="verifycustomerOptionExist" finished-at="2023-10-10T16:55:16 IST" duration-ms="11458" status="PASS">
          <reporter-output>
          </reporter-output>
        </test-method> <!-- verifycustomerOptionExist -->
        <test-method is-config="true" signature="closeBrowser()[pri:0, instance:com.hrms.test.DashboardRegressionSuite@6db9f5a4]" started-at="2023-10-10T16:55:16 IST" name="closeBrowser" finished-at="2023-10-10T16:55:17 IST" duration-ms="284" status="PASS">
          <reporter-output>
          </reporter-output>
        </test-method> <!-- closeBrowser -->
        <test-method is-config="true" signature="appLaunch()[pri:0, instance:com.hrms.test.DashboardRegressionSuite@6db9f5a4]" started-at="2023-10-10T16:55:17 IST" name="appLaunch" finished-at="2023-10-10T16:55:22 IST" duration-ms="5191" status="PASS">
          <reporter-output>
          </reporter-output>
        </test-method> <!-- appLaunch -->
        <test-method signature="verifycustomerMoreOptionsExist()[pri:1, instance:com.hrms.test.DashboardRegressionSuite@6db9f5a4]" started-at="2023-10-10T16:55:22 IST" name="verifycustomerMoreOptionsExist" finished-at="2023-10-10T16:55:35 IST" duration-ms="12881" status="PASS">
          <reporter-output>
          </reporter-output>
        </test-method> <!-- verifycustomerMoreOptionsExist -->
        <test-method is-config="true" signature="closeBrowser()[pri:0, instance:com.hrms.test.DashboardRegressionSuite@6db9f5a4]" started-at="2023-10-10T16:55:35 IST" name="closeBrowser" finished-at="2023-10-10T16:55:35 IST" duration-ms="259" status="PASS">
          <reporter-output>
          </reporter-output>
        </test-method> <!-- closeBrowser -->
      </class> <!-- com.hrms.test.DashboardRegressionSuite -->
    </test> <!-- Nopcommerce DashBoard Regression Suite -->
  </suite> <!-- Nopcommerce Regression Suite -->
</testng-results>
